<?xml version="1.0" encoding="UTF-8"?>
<testng-results skipped="0" failed="0" ignored="6" total="9" passed="3">
  <reporter-output>
    <line>
      <![CDATA[Title is matching]]>
    </line>
    <line>
      <![CDATA[element displayed]]>
    </line>
    <line>
      <![CDATA[Title is matching]]>
    </line>
    <line>
      <![CDATA[Title is matching]]>
    </line>
    <line>
      <![CDATA[Version Matching: actiTIME 2017.4]]>
    </line>
  </reporter-output>
  <suite name="Default suite" duration-ms="25611" started-at="2017-12-01T03:11:35Z" finished-at="2017-12-01T03:12:00Z">
    <groups>
    </groups>
    <test name="Default test" duration-ms="25611" started-at="2017-12-01T03:11:35Z" finished-at="2017-12-01T03:12:00Z">
      <class name="com.actitime.tests.InvalidLoginTest">
        <test-method status="PASS" signature="preCondition()[pri:0, instance:com.actitime.tests.InvalidLoginTest@14acaea5]" name="preCondition" is-config="true" duration-ms="12449" started-at="2017-11-30T19:11:35Z" finished-at="2017-11-30T19:11:47Z">
          <reporter-output>
          </reporter-output>
        </test-method> <!-- preCondition -->
        <test-method status="PASS" signature="testInvalidLogin()[pri:0, instance:com.actitime.tests.InvalidLoginTest@14acaea5]" name="testInvalidLogin" duration-ms="3246" started-at="2017-11-30T19:11:47Z" finished-at="2017-11-30T19:11:50Z">
          <reporter-output>
            <line>
              <![CDATA[Title is matching]]>
            </line>
            <line>
              <![CDATA[element displayed]]>
            </line>
          </reporter-output>
        </test-method> <!-- testInvalidLogin -->
        <test-method status="PASS" signature="postConditions()[pri:0, instance:com.actitime.tests.InvalidLoginTest@14acaea5]" name="postConditions" is-config="true" duration-ms="2328" started-at="2017-11-30T19:11:58Z" finished-at="2017-11-30T19:12:00Z">
          <reporter-output>
          </reporter-output>
        </test-method> <!-- postConditions -->
      </class> <!-- com.actitime.tests.InvalidLoginTest -->
      <class name="com.actitime.tests.ValidLoginTest">
        <test-method status="PASS" signature="testvalidloginlogout()[pri:0, instance:com.actitime.tests.ValidLoginTest@46d56d67]" name="testvalidloginlogout" duration-ms="7153" started-at="2017-11-30T19:11:50Z" finished-at="2017-11-30T19:11:58Z">
          <reporter-output>
            <line>
              <![CDATA[Title is matching]]>
            </line>
          </reporter-output>
        </test-method> <!-- testvalidloginlogout -->
      </class> <!-- com.actitime.tests.ValidLoginTest -->
      <class name="com.actitime.tests.VerifyVersionTest">
        <test-method status="PASS" signature="testVerifyVersion()[pri:0, instance:com.actitime.tests.VerifyVersionTest@d8355a8]" name="testVerifyVersion" duration-ms="408" started-at="2017-11-30T19:11:58Z" finished-at="2017-11-30T19:11:58Z">
          <reporter-output>
            <line>
              <![CDATA[Title is matching]]>
            </line>
            <line>
              <![CDATA[Version Matching: actiTIME 2017.4]]>
            </line>
          </reporter-output>
        </test-method> <!-- testVerifyVersion -->
      </class> <!-- com.actitime.tests.VerifyVersionTest -->
    </test> <!-- Default test -->
  </suite> <!-- Default suite -->
</testng-results>
