<?xml version="1.0" encoding="UTF-8"?>
<!-- Generated by org.testng.reporters.JUnitXMLReporter -->
<testsuite hostname="Shantha" ignored="6" name="Default test" tests="3" failures="0" timestamp="01 Dec 2017 03:12:00 GMT" time="25.611" errors="0">
  <testcase name="testInvalidLogin" time="3.246" classname="com.actitime.tests.InvalidLoginTest"/>
  <testcase name="testvalidloginlogout" time="7.153" classname="com.actitime.tests.ValidLoginTest"/>
  <testcase name="testVerifyVersion" time="0.408" classname="com.actitime.tests.VerifyVersionTest"/>
  <testcase name="@AfterTest postConditions" time="0.0" classname="com.actitime.generic.BaseTest">
    <ignored/>
  </testcase> <!-- @AfterTest postConditions -->
  <testcase name="@AfterTest postConditions" time="0.0" classname="com.actitime.generic.BaseTest">
    <ignored/>
  </testcase> <!-- @AfterTest postConditions -->
  <testcase name="@AfterTest postConditions" time="0.0" classname="com.actitime.generic.BaseTest">
    <ignored/>
  </testcase> <!-- @AfterTest postConditions -->
  <testcase name="@BeforeTest preCondition" time="0.0" classname="com.actitime.generic.BaseTest">
    <ignored/>
  </testcase> <!-- @BeforeTest preCondition -->
  <testcase name="@BeforeTest preCondition" time="0.0" classname="com.actitime.generic.BaseTest">
    <ignored/>
  </testcase> <!-- @BeforeTest preCondition -->
  <testcase name="@BeforeTest preCondition" time="0.0" classname="com.actitime.generic.BaseTest">
    <ignored/>
  </testcase> <!-- @BeforeTest preCondition -->
</testsuite> <!-- Default test -->
